<?xml version="1.0" encoding="UTF-8"?>
<testng-results skipped="0" failed="0" ignored="0" total="1" passed="1">
  <reporter-output>
  </reporter-output>
  <suite name="Default suite" duration-ms="32835" started-at="2019-12-26T04:09:42Z" finished-at="2019-12-26T04:10:14Z">
    <groups>
    </groups>
    <test name="Default test" duration-ms="32835" started-at="2019-12-26T04:09:42Z" finished-at="2019-12-26T04:10:14Z">
      <class name="facebook.signupTest">
        <test-method status="PASS" signature="TC_signup()[pri:0, instance:facebook.signupTest@e2abd]" name="TC_signup" duration-ms="32817" started-at="2019-12-26T09:39:42Z" finished-at="2019-12-26T09:40:14Z">
          <reporter-output>
          </reporter-output>
        </test-method> <!-- TC_signup -->
      </class> <!-- facebook.signupTest -->
    </test> <!-- Default test -->
  </suite> <!-- Default suite -->
</testng-results>
